<?xml version="1.0" encoding="UTF-8"?>
<testng-results ignored="0" total="1" passed="1" failed="0" skipped="0">
  <reporter-output>
  </reporter-output>
  <suite started-at="2026-03-26T11:53:33 IST" name="Ecommerce Suite" finished-at="2026-03-26T11:53:53 IST" duration-ms="19947">
    <groups>
    </groups>
    <test started-at="2026-03-26T11:53:33 IST" name="MultiBrowser Test" finished-at="2026-03-26T11:53:53 IST" duration-ms="19947">
      <class name="tests.EcommerceTest">
        <test-method is-config="true" signature="setup(java.lang.String)[pri:0, instance:tests.EcommerceTest@4602c2a9]" started-at="2026-03-26T11:53:33 IST" name="setup" finished-at="2026-03-26T11:53:43 IST" duration-ms="9854" status="PASS">
          <params>
            <param index="0">
              <value>
                <![CDATA[chrome]]>
              </value>
            </param>
          </params>
          <reporter-output>
          </reporter-output>
        </test-method> <!-- setup -->
        <test-method signature="testEcommerceFlow()[pri:0, instance:tests.EcommerceTest@4602c2a9]" started-at="2026-03-26T11:53:43 IST" name="testEcommerceFlow" finished-at="2026-03-26T11:53:50 IST" duration-ms="7104" status="PASS">
          <reporter-output>
          </reporter-output>
        </test-method> <!-- testEcommerceFlow -->
        <test-method is-config="true" signature="tearDown()[pri:0, instance:tests.EcommerceTest@4602c2a9]" started-at="2026-03-26T11:53:50 IST" name="tearDown" finished-at="2026-03-26T11:53:53 IST" duration-ms="2895" status="PASS">
          <reporter-output>
          </reporter-output>
        </test-method> <!-- tearDown -->
      </class> <!-- tests.EcommerceTest -->
    </test> <!-- MultiBrowser Test -->
  </suite> <!-- Ecommerce Suite -->
</testng-results>
